Using pre-set license
Built from '2020.3/staging' branch; Version is '2020.3.10f1 (297d780c91bc) revision 2719096'; Using compiler version '192528614'; Build Type 'Release'
OS: 'Windows 10 Home Single Language; OS build 19043.1288; Version 2009; 64bit' Language: 'pt' Physical Memory: 16303 MB
BatchMode: 1, IsHumanControllingUs: 0, StartBugReporterOnCrash: 0, Is64bit: 1, IsPro: 0

 COMMAND LINE ARGUMENTS:
D:\Program Files\Unity\Editor\Unity.exe
-adb2
-batchMode
-noUpm
-name
AssetImportWorker0
-projectPath
C:/Users/Lukas Takatani/Desktop/Triplano/Project Files
-logFile
Logs/AssetImportWorker0.log
-srvPort
61233
Successfully changed project path to: C:/Users/Lukas Takatani/Desktop/Triplano/Project Files
C:/Users/Lukas Takatani/Desktop/Triplano/Project Files
Using Asset Import Pipeline V2.
Refreshing native plugins compatible for Editor in 123.70 ms, found 2 plugins.
Preloading 0 native plugins for Editor in 0.00 ms.
Initialize engine version: 2020.3.10f1 (297d780c91bc)
[Subsystems] Discovering subsystems at path D:/Program Files/Unity/Editor/Data/Resources/UnitySubsystems
[Subsystems] Discovering subsystems at path C:/Users/Lukas Takatani/Desktop/Triplano/Project Files/Assets
GfxDevice: creating device client; threaded=0
Direct3D:
    Version:  Direct3D 11.0 [level 11.1]
    Renderer: NVIDIA GeForce RTX 2060 (ID=0x1f11)
    Vendor:   
    VRAM:     5980 MB
    Driver:   30.0.14.7141
Shader 'Universal Render Pipeline/Particles/Lit': fallback shader 'Universal Render Pipeline/Particles/SimpleLit' not found
Initialize mono
Mono path[0] = 'D:/Program Files/Unity/Editor/Data/Managed'
Mono path[1] = 'D:/Program Files/Unity/Editor/Data/MonoBleedingEdge/lib/mono/unityjit'
Mono config path = 'D:/Program Files/Unity/Editor/Data/MonoBleedingEdge/etc'
Using monoOptions --debugger-agent=transport=dt_socket,embedding=1,server=y,suspend=n,address=127.0.0.1:56320
Begin MonoManager ReloadAssembly
Registering precompiled unity dll's ...
Register platform support module: D:/Program Files/Unity/Editor/Data/PlaybackEngines/WebGLSupport/UnityEditor.WebGL.Extensions.dll
Register platform support module: D:/Program Files/Unity/Editor/Data/PlaybackEngines/WindowsStandaloneSupport/UnityEditor.WindowsStandalone.Extensions.dll
Registered in 0.001291 seconds.
Native extension for WindowsStandalone target not found
Native extension for WebGL target not found
Refreshing native plugins compatible for Editor in 120.68 ms, found 2 plugins.
Preloading 0 native plugins for Editor in 0.00 ms.
Mono: successfully reloaded assembly
- Completed reload, in  1.468 seconds
Platform modules already initialized, skipping
Registering precompiled user dll's ...
Registered in 0.004809 seconds.
Begin MonoManager ReloadAssembly
Native extension for WindowsStandalone target not found
Native extension for WebGL target not found
Refreshing native plugins compatible for Editor in 110.62 ms, found 2 plugins.
Preloading 0 native plugins for Editor in 0.00 ms.
Mono: successfully reloaded assembly
- Completed reload, in  1.414 seconds
Platform modules already initialized, skipping
========================================================================
Worker process is ready to serve import requests
Shader 'Universal Render Pipeline/Particles/Lit': fallback shader 'Universal Render Pipeline/Particles/SimpleLit' not found
Launched and connected shader compiler UnityShaderCompiler.exe after 0.06 seconds
Refreshing native plugins compatible for Editor in 0.93 ms, found 2 plugins.
Preloading 0 native plugins for Editor in 0.00 ms.
Unloading 3037 Unused Serialized files (Serialized files now loaded: 0)
System memory in use before: 157.5 MB.
System memory in use after: 157.7 MB.

Unloading 21 unused Assets to reduce memory usage. Loaded Objects now: 3489.
Total: 2.576600 ms (FindLiveObjects: 0.252100 ms CreateObjectMapping: 0.145500 ms MarkObjects: 2.116000 ms  DeleteObjects: 0.062300 ms)

========================================================================
Received Import Request.
  path: Assets/InputActions/Player/RunnerInputActions.inputactions
  artifactKey: Guid(2601ef6b2eb5f604999a9cf05a5320a8) Importer(815301076,1909f56bfc062723c751e8b465ee728b)
Start importing Assets/InputActions/Player/RunnerInputActions.inputactions using Guid(2601ef6b2eb5f604999a9cf05a5320a8) Importer(815301076,1909f56bfc062723c751e8b465ee728b)  -> (artifact id: 'f332dc1e7f88618cbd9104b4c1e5b850') in 0.056384 seconds
  Import took 0.063607 seconds .

========================================================================
Received Prepare
Registering precompiled user dll's ...
Registered in 0.005383 seconds.
Begin MonoManager ReloadAssembly
Native extension for WindowsStandalone target not found
Native extension for WebGL target not found
Refreshing native plugins compatible for Editor in 1.59 ms, found 2 plugins.
Preloading 0 native plugins for Editor in 0.00 ms.
Mono: successfully reloaded assembly
- Completed reload, in  1.485 seconds
Platform modules already initialized, skipping
Switching build target platform(19) subTarget(0) extendedPlatform(0) -> platform(13) subTarget(537395200) extendedPlatform(0)
Shader 'Universal Render Pipeline/Particles/Lit': fallback shader 'Universal Render Pipeline/Particles/SimpleLit' not found
Refreshing native plugins compatible for Editor in 1.03 ms, found 2 plugins.
Preloading 0 native plugins for Editor in 0.00 ms.
Unloading 2915 Unused Serialized files (Serialized files now loaded: 0)
System memory in use before: 147.3 MB.
System memory in use after: 147.5 MB.

Unloading 14 unused Assets to reduce memory usage. Loaded Objects now: 3492.
Total: 3.021600 ms (FindLiveObjects: 0.301900 ms CreateObjectMapping: 0.161900 ms MarkObjects: 2.523500 ms  DeleteObjects: 0.033500 ms)

AssetImportParameters requested are different than current active one (requested -> active):
  custom:graphics/normal-map-encoding: 01000000000000000000000000000000 -> 02000000000000000000000000000000
========================================================================
Received Prepare
Registering precompiled user dll's ...
Registered in 0.004667 seconds.
Begin MonoManager ReloadAssembly
Native extension for WindowsStandalone target not found
Native extension for WebGL target not found
Refreshing native plugins compatible for Editor in 0.92 ms, found 2 plugins.
Preloading 0 native plugins for Editor in 0.00 ms.
Mono: successfully reloaded assembly
- Completed reload, in  1.082 seconds
Platform modules already initialized, skipping
Switching build target platform(19) subTarget(0) extendedPlatform(0) -> platform(13) subTarget(537395200) extendedPlatform(0)
Shader 'Universal Render Pipeline/Particles/Lit': fallback shader 'Universal Render Pipeline/Particles/SimpleLit' not found
Refreshing native plugins compatible for Editor in 0.95 ms, found 2 plugins.
Preloading 0 native plugins for Editor in 0.00 ms.
Unloading 2915 Unused Serialized files (Serialized files now loaded: 0)
System memory in use before: 147.3 MB.
System memory in use after: 147.6 MB.

Unloading 14 unused Assets to reduce memory usage. Loaded Objects now: 3495.
Total: 2.255400 ms (FindLiveObjects: 0.248100 ms CreateObjectMapping: 0.134200 ms MarkObjects: 1.857000 ms  DeleteObjects: 0.014900 ms)

AssetImportParameters requested are different than current active one (requested -> active):
  custom:graphics/normal-map-encoding: 01000000000000000000000000000000 -> 02000000000000000000000000000000
========================================================================
Received Prepare
Registering precompiled user dll's ...
Registered in 0.004591 seconds.
Begin MonoManager ReloadAssembly
Native extension for WindowsStandalone target not found
Native extension for WebGL target not found
Refreshing native plugins compatible for Editor in 1.03 ms, found 2 plugins.
Preloading 0 native plugins for Editor in 0.00 ms.
Mono: successfully reloaded assembly
- Completed reload, in  1.357 seconds
Platform modules already initialized, skipping
Switching build target platform(19) subTarget(0) extendedPlatform(0) -> platform(13) subTarget(537395200) extendedPlatform(0)
Shader 'Universal Render Pipeline/Particles/Lit': fallback shader 'Universal Render Pipeline/Particles/SimpleLit' not found
Refreshing native plugins compatible for Editor in 0.97 ms, found 2 plugins.
Preloading 0 native plugins for Editor in 0.00 ms.
Unloading 2915 Unused Serialized files (Serialized files now loaded: 0)
System memory in use before: 147.4 MB.
System memory in use after: 147.6 MB.

Unloading 14 unused Assets to reduce memory usage. Loaded Objects now: 3498.
Total: 2.711700 ms (FindLiveObjects: 0.269400 ms CreateObjectMapping: 0.123900 ms MarkObjects: 2.302400 ms  DeleteObjects: 0.015200 ms)

AssetImportParameters requested are different than current active one (requested -> active):
  custom:graphics/normal-map-encoding: 01000000000000000000000000000000 -> 02000000000000000000000000000000
========================================================================
Received Import Request.
  Time since last request: 2174.276140 seconds.
  path: Assets/InputActions/Player/RunnerInputActions.inputactions
  artifactKey: Guid(2601ef6b2eb5f604999a9cf05a5320a8) Importer(815301076,1909f56bfc062723c751e8b465ee728b)
Start importing Assets/InputActions/Player/RunnerInputActions.inputactions using Guid(2601ef6b2eb5f604999a9cf05a5320a8) Importer(815301076,1909f56bfc062723c751e8b465ee728b)  -> (artifact id: 'db063bbcf0f2daccf0fc9d7d44f90b7f') in 0.040633 seconds
  Import took 0.048787 seconds .

========================================================================
Received Import Request.
  Time since last request: 0.045536 seconds.
  path: Assets/InputActions/Player/RunnerInputActions.inputactions
  artifactKey: Guid(2601ef6b2eb5f604999a9cf05a5320a8) Importer(815301076,1909f56bfc062723c751e8b465ee728b)
Start importing Assets/InputActions/Player/RunnerInputActions.inputactions using Guid(2601ef6b2eb5f604999a9cf05a5320a8) Importer(815301076,1909f56bfc062723c751e8b465ee728b)  -> (artifact id: 'db063bbcf0f2daccf0fc9d7d44f90b7f') in 0.006164 seconds
  Import took 0.016209 seconds .

========================================================================
Received Prepare
Registering precompiled user dll's ...
Registered in 0.004983 seconds.
Begin MonoManager ReloadAssembly
Native extension for WindowsStandalone target not found
Native extension for WebGL target not found
Refreshing native plugins compatible for Editor in 0.93 ms, found 2 plugins.
Preloading 0 native plugins for Editor in 0.00 ms.
Mono: successfully reloaded assembly
- Completed reload, in  0.990 seconds
Platform modules already initialized, skipping
Switching build target platform(19) subTarget(0) extendedPlatform(0) -> platform(13) subTarget(537395200) extendedPlatform(0)
Shader 'Universal Render Pipeline/Particles/Lit': fallback shader 'Universal Render Pipeline/Particles/SimpleLit' not found
Refreshing native plugins compatible for Editor in 0.91 ms, found 2 plugins.
Preloading 0 native plugins for Editor in 0.00 ms.
Unloading 2916 Unused Serialized files (Serialized files now loaded: 0)
System memory in use before: 147.4 MB.
System memory in use after: 147.6 MB.

Unloading 14 unused Assets to reduce memory usage. Loaded Objects now: 3502.
Total: 2.536800 ms (FindLiveObjects: 0.254500 ms CreateObjectMapping: 0.118700 ms MarkObjects: 2.148200 ms  DeleteObjects: 0.014800 ms)

AssetImportParameters requested are different than current active one (requested -> active):
  custom:graphics/normal-map-encoding: 01000000000000000000000000000000 -> 02000000000000000000000000000000
========================================================================
Received Import Request.
  Time since last request: 87.852257 seconds.
  path: Assets/InputActions/Player/RunnerInputActions.cs
  artifactKey: Guid(2d33835e459148f49b31f91db87097c0) Importer(815301076,1909f56bfc062723c751e8b465ee728b)
Start importing Assets/InputActions/Player/RunnerInputActions.cs using Guid(2d33835e459148f49b31f91db87097c0) Importer(815301076,1909f56bfc062723c751e8b465ee728b)  -> (artifact id: '0487ab795dcd25eb4ba4b5aeebbb42fe') in 0.017415 seconds
  Import took 0.023368 seconds .

========================================================================
Received Import Request.
  Time since last request: 0.010761 seconds.
  path: Assets/InputActions/Player/RunnerInputActions.cs
  artifactKey: Guid(2d33835e459148f49b31f91db87097c0) Importer(815301076,1909f56bfc062723c751e8b465ee728b)
Start importing Assets/InputActions/Player/RunnerInputActions.cs using Guid(2d33835e459148f49b31f91db87097c0) Importer(815301076,1909f56bfc062723c751e8b465ee728b)  -> (artifact id: '0487ab795dcd25eb4ba4b5aeebbb42fe') in 0.002573 seconds
  Import took 0.007672 seconds .

========================================================================
Received Import Request.
  Time since last request: 449.207970 seconds.
  path: Assets/InputActions/Player/RunnerInputActions.inputactions
  artifactKey: Guid(2601ef6b2eb5f604999a9cf05a5320a8) Importer(815301076,1909f56bfc062723c751e8b465ee728b)
Start importing Assets/InputActions/Player/RunnerInputActions.inputactions using Guid(2601ef6b2eb5f604999a9cf05a5320a8) Importer(815301076,1909f56bfc062723c751e8b465ee728b)  -> (artifact id: '3025029f6a9d42c1f9d5667858768b83') in 0.016637 seconds
  Import took 0.022714 seconds .

========================================================================
Received Import Request.
  Time since last request: 0.000984 seconds.
  path: Assets/InputActions/Player/RunnerInputActions.inputactions
  artifactKey: Guid(2601ef6b2eb5f604999a9cf05a5320a8) Importer(815301076,1909f56bfc062723c751e8b465ee728b)
Start importing Assets/InputActions/Player/RunnerInputActions.inputactions using Guid(2601ef6b2eb5f604999a9cf05a5320a8) Importer(815301076,1909f56bfc062723c751e8b465ee728b)  -> (artifact id: '3025029f6a9d42c1f9d5667858768b83') in 0.003351 seconds
  Import took 0.008294 seconds .

========================================================================
Received Import Request.
  Time since last request: 43.432146 seconds.
  path: Assets/InputActions/Player/RunnerInputActions.inputactions
  artifactKey: Guid(2601ef6b2eb5f604999a9cf05a5320a8) Importer(815301076,1909f56bfc062723c751e8b465ee728b)
Start importing Assets/InputActions/Player/RunnerInputActions.inputactions using Guid(2601ef6b2eb5f604999a9cf05a5320a8) Importer(815301076,1909f56bfc062723c751e8b465ee728b)  -> (artifact id: '56ef648253b81ed20b8356fe1f527f4e') in 0.008219 seconds
  Import took 0.015142 seconds .

========================================================================
Received Import Request.
  Time since last request: 0.039298 seconds.
  path: Assets/InputActions/Player/RunnerInputActions.inputactions
  artifactKey: Guid(2601ef6b2eb5f604999a9cf05a5320a8) Importer(815301076,1909f56bfc062723c751e8b465ee728b)
Start importing Assets/InputActions/Player/RunnerInputActions.inputactions using Guid(2601ef6b2eb5f604999a9cf05a5320a8) Importer(815301076,1909f56bfc062723c751e8b465ee728b)  -> (artifact id: '56ef648253b81ed20b8356fe1f527f4e') in 0.005090 seconds
  Import took 0.012844 seconds .

========================================================================
Received Import Request.
  Time since last request: 266.727033 seconds.
  path: Assets/InputActions/Player/TouchControl.inputactions
  artifactKey: Guid(d4476f7ebcec19f48aba62d90c74dffd) Importer(815301076,1909f56bfc062723c751e8b465ee728b)
Start importing Assets/InputActions/Player/TouchControl.inputactions using Guid(d4476f7ebcec19f48aba62d90c74dffd) Importer(815301076,1909f56bfc062723c751e8b465ee728b)  -> (artifact id: '00fe2b32ec6897a26ec4d27a3f035bc6') in 0.009262 seconds
  Import took 0.015301 seconds .

========================================================================
Received Import Request.
  Time since last request: 0.004093 seconds.
  path: Assets/InputActions/Player/TouchControl.inputactions
  artifactKey: Guid(d4476f7ebcec19f48aba62d90c74dffd) Importer(815301076,1909f56bfc062723c751e8b465ee728b)
Start importing Assets/InputActions/Player/TouchControl.inputactions using Guid(d4476f7ebcec19f48aba62d90c74dffd) Importer(815301076,1909f56bfc062723c751e8b465ee728b)  -> (artifact id: '00fe2b32ec6897a26ec4d27a3f035bc6') in 0.003096 seconds
  Import took 0.008385 seconds .

========================================================================
Received Import Request.
  Time since last request: 13.458687 seconds.
  path: Assets/InputActions/Player/TouchControls.inputactions
  artifactKey: Guid(cdc4a27e0f7546344a63bfab7b902f62) Importer(815301076,1909f56bfc062723c751e8b465ee728b)
Start importing Assets/InputActions/Player/TouchControls.inputactions using Guid(cdc4a27e0f7546344a63bfab7b902f62) Importer(815301076,1909f56bfc062723c751e8b465ee728b)  -> (artifact id: '4b0038457fb096c4df8185bd97d545b7') in 0.006675 seconds
  Import took 0.013117 seconds .

========================================================================
Received Import Request.
  Time since last request: 267.346310 seconds.
  path: Assets/InputActions/Player/TouchControls.inputactions
  artifactKey: Guid(cdc4a27e0f7546344a63bfab7b902f62) Importer(815301076,1909f56bfc062723c751e8b465ee728b)
Start importing Assets/InputActions/Player/TouchControls.inputactions using Guid(cdc4a27e0f7546344a63bfab7b902f62) Importer(815301076,1909f56bfc062723c751e8b465ee728b)  -> (artifact id: '358c9ee3503a47b72edc1e55830dd8cf') in 0.005554 seconds
  Import took 0.011705 seconds .

========================================================================
Received Import Request.
  Time since last request: 7.182912 seconds.
  path: Assets/InputActions/Player/TouchControls.inputactions
  artifactKey: Guid(cdc4a27e0f7546344a63bfab7b902f62) Importer(815301076,1909f56bfc062723c751e8b465ee728b)
Start importing Assets/InputActions/Player/TouchControls.inputactions using Guid(cdc4a27e0f7546344a63bfab7b902f62) Importer(815301076,1909f56bfc062723c751e8b465ee728b)  -> (artifact id: 'f7b80b54a728bced0acbc322ef6d1b2a') in 0.003780 seconds
  Import took 0.016361 seconds .

========================================================================
Received Import Request.
  Time since last request: 0.001289 seconds.
  path: Assets/InputActions/Player/TouchControls.inputactions
  artifactKey: Guid(cdc4a27e0f7546344a63bfab7b902f62) Importer(815301076,1909f56bfc062723c751e8b465ee728b)
Start importing Assets/InputActions/Player/TouchControls.inputactions using Guid(cdc4a27e0f7546344a63bfab7b902f62) Importer(815301076,1909f56bfc062723c751e8b465ee728b)  -> (artifact id: 'f7b80b54a728bced0acbc322ef6d1b2a') in 0.003136 seconds
  Import took 0.008106 seconds .

========================================================================
Received Import Request.
  Time since last request: 147.494627 seconds.
  path: Assets/InputActions/Player/PlayerInputActions.inputactions
  artifactKey: Guid(3765ffa7fde97854c9327c8caaf49326) Importer(815301076,1909f56bfc062723c751e8b465ee728b)
Start importing Assets/InputActions/Player/PlayerInputActions.inputactions using Guid(3765ffa7fde97854c9327c8caaf49326) Importer(815301076,1909f56bfc062723c751e8b465ee728b)  -> (artifact id: 'cb3883094e345170457aea55ad5d8a9a') in 0.006667 seconds
  Import took 0.013983 seconds .

========================================================================
Received Import Request.
  Time since last request: 61.477618 seconds.
  path: Assets/InputActions/Player/PlayerInputActions.inputactions
  artifactKey: Guid(3765ffa7fde97854c9327c8caaf49326) Importer(815301076,1909f56bfc062723c751e8b465ee728b)
Start importing Assets/InputActions/Player/PlayerInputActions.inputactions using Guid(3765ffa7fde97854c9327c8caaf49326) Importer(815301076,1909f56bfc062723c751e8b465ee728b)  -> (artifact id: '055c9e944ddef34c34cef361f72529f8') in 0.003213 seconds
  Import took 0.009071 seconds .

========================================================================
Received Import Request.
  Time since last request: 4.040219 seconds.
  path: Assets/InputActions/Player/PlayerInputActions.inputactions
  artifactKey: Guid(3765ffa7fde97854c9327c8caaf49326) Importer(815301076,1909f56bfc062723c751e8b465ee728b)
Start importing Assets/InputActions/Player/PlayerInputActions.inputactions using Guid(3765ffa7fde97854c9327c8caaf49326) Importer(815301076,1909f56bfc062723c751e8b465ee728b)  -> (artifact id: '51a02afd804fe3ec0e0f754ceb515f33') in 0.003553 seconds
  Import took 0.008882 seconds .

========================================================================
Received Import Request.
  Time since last request: 0.009706 seconds.
  path: Assets/InputActions/Player/PlayerInputActions.inputactions
  artifactKey: Guid(3765ffa7fde97854c9327c8caaf49326) Importer(815301076,1909f56bfc062723c751e8b465ee728b)
Start importing Assets/InputActions/Player/PlayerInputActions.inputactions using Guid(3765ffa7fde97854c9327c8caaf49326) Importer(815301076,1909f56bfc062723c751e8b465ee728b)  -> (artifact id: '51a02afd804fe3ec0e0f754ceb515f33') in 0.002656 seconds
  Import took 0.007034 seconds .

========================================================================
Received Prepare
Registering precompiled user dll's ...
Registered in 0.005142 seconds.
Begin MonoManager ReloadAssembly
Native extension for WindowsStandalone target not found
Native extension for WebGL target not found
Refreshing native plugins compatible for Editor in 0.92 ms, found 2 plugins.
Preloading 0 native plugins for Editor in 0.00 ms.
Mono: successfully reloaded assembly
- Completed reload, in  1.046 seconds
Platform modules already initialized, skipping
Switching build target platform(19) subTarget(0) extendedPlatform(0) -> platform(13) subTarget(537395200) extendedPlatform(0)
Shader 'Universal Render Pipeline/Particles/Lit': fallback shader 'Universal Render Pipeline/Particles/SimpleLit' not found
Refreshing native plugins compatible for Editor in 0.91 ms, found 2 plugins.
Preloading 0 native plugins for Editor in 0.00 ms.
Unloading 2917 Unused Serialized files (Serialized files now loaded: 0)
System memory in use before: 147.5 MB.
System memory in use after: 147.7 MB.

Unloading 15 unused Assets to reduce memory usage. Loaded Objects now: 3506.
Total: 2.837000 ms (FindLiveObjects: 0.289900 ms CreateObjectMapping: 0.128200 ms MarkObjects: 2.394700 ms  DeleteObjects: 0.023100 ms)

AssetImportParameters requested are different than current active one (requested -> active):
  custom:graphics/normal-map-encoding: 01000000000000000000000000000000 -> 02000000000000000000000000000000
========================================================================
Received Prepare
Registering precompiled user dll's ...
Registered in 0.006119 seconds.
Begin MonoManager ReloadAssembly
Native extension for WindowsStandalone target not found
Native extension for WebGL target not found
Refreshing native plugins compatible for Editor in 0.89 ms, found 2 plugins.
Preloading 0 native plugins for Editor in 0.00 ms.
Mono: successfully reloaded assembly
- Completed reload, in  1.007 seconds
Platform modules already initialized, skipping
Switching build target platform(19) subTarget(0) extendedPlatform(0) -> platform(13) subTarget(537395200) extendedPlatform(0)
Shader 'Universal Render Pipeline/Particles/Lit': fallback shader 'Universal Render Pipeline/Particles/SimpleLit' not found
Refreshing native plugins compatible for Editor in 0.88 ms, found 2 plugins.
Preloading 0 native plugins for Editor in 0.00 ms.
Unloading 2917 Unused Serialized files (Serialized files now loaded: 0)
System memory in use before: 147.5 MB.
System memory in use after: 147.7 MB.

Unloading 14 unused Assets to reduce memory usage. Loaded Objects now: 3509.
Total: 2.771600 ms (FindLiveObjects: 0.257100 ms CreateObjectMapping: 0.108600 ms MarkObjects: 2.389400 ms  DeleteObjects: 0.015600 ms)

AssetImportParameters requested are different than current active one (requested -> active):
  custom:graphics/normal-map-encoding: 01000000000000000000000000000000 -> 02000000000000000000000000000000
========================================================================
Received Prepare
Registering precompiled user dll's ...
Registered in 0.006023 seconds.
Begin MonoManager ReloadAssembly
Native extension for WindowsStandalone target not found
Native extension for WebGL target not found
Refreshing native plugins compatible for Editor in 1.02 ms, found 2 plugins.
Preloading 0 native plugins for Editor in 0.00 ms.
Mono: successfully reloaded assembly
- Completed reload, in  1.032 seconds
Platform modules already initialized, skipping
Switching build target platform(19) subTarget(0) extendedPlatform(0) -> platform(13) subTarget(537395200) extendedPlatform(0)
Shader 'Universal Render Pipeline/Particles/Lit': fallback shader 'Universal Render Pipeline/Particles/SimpleLit' not found
Refreshing native plugins compatible for Editor in 0.91 ms, found 2 plugins.
Preloading 0 native plugins for Editor in 0.00 ms.
Unloading 2917 Unused Serialized files (Serialized files now loaded: 0)
System memory in use before: 147.5 MB.
System memory in use after: 147.7 MB.

Unloading 14 unused Assets to reduce memory usage. Loaded Objects now: 3512.
Total: 2.516700 ms (FindLiveObjects: 0.277400 ms CreateObjectMapping: 0.121100 ms MarkObjects: 2.101900 ms  DeleteObjects: 0.015500 ms)

AssetImportParameters requested are different than current active one (requested -> active):
  custom:graphics/normal-map-encoding: 01000000000000000000000000000000 -> 02000000000000000000000000000000
========================================================================
Received Prepare
Registering precompiled user dll's ...
Registered in 0.005929 seconds.
Begin MonoManager ReloadAssembly
Native extension for WindowsStandalone target not found
Native extension for WebGL target not found
Refreshing native plugins compatible for Editor in 0.90 ms, found 2 plugins.
Preloading 0 native plugins for Editor in 0.00 ms.
Mono: successfully reloaded assembly
- Completed reload, in  1.095 seconds
Platform modules already initialized, skipping
Switching build target platform(19) subTarget(0) extendedPlatform(0) -> platform(13) subTarget(537395200) extendedPlatform(0)
Shader 'Universal Render Pipeline/Particles/Lit': fallback shader 'Universal Render Pipeline/Particles/SimpleLit' not found
Refreshing native plugins compatible for Editor in 0.90 ms, found 2 plugins.
Preloading 0 native plugins for Editor in 0.00 ms.
Unloading 2917 Unused Serialized files (Serialized files now loaded: 0)
System memory in use before: 147.5 MB.
System memory in use after: 147.7 MB.

Unloading 14 unused Assets to reduce memory usage. Loaded Objects now: 3515.
Total: 2.374000 ms (FindLiveObjects: 0.252600 ms CreateObjectMapping: 0.098600 ms MarkObjects: 2.007300 ms  DeleteObjects: 0.014700 ms)

AssetImportParameters requested are different than current active one (requested -> active):
  custom:graphics/normal-map-encoding: 01000000000000000000000000000000 -> 02000000000000000000000000000000
========================================================================
Received Prepare
Registering precompiled user dll's ...
Registered in 0.004561 seconds.
Begin MonoManager ReloadAssembly
Native extension for WindowsStandalone target not found
Native extension for WebGL target not found
Refreshing native plugins compatible for Editor in 1.04 ms, found 2 plugins.
Preloading 0 native plugins for Editor in 0.00 ms.
Mono: successfully reloaded assembly
- Completed reload, in  1.013 seconds
Platform modules already initialized, skipping
Switching build target platform(19) subTarget(0) extendedPlatform(0) -> platform(13) subTarget(537395200) extendedPlatform(0)
Shader 'Universal Render Pipeline/Particles/Lit': fallback shader 'Universal Render Pipeline/Particles/SimpleLit' not found
Refreshing native plugins compatible for Editor in 1.05 ms, found 2 plugins.
Preloading 0 native plugins for Editor in 0.00 ms.
Unloading 2917 Unused Serialized files (Serialized files now loaded: 0)
System memory in use before: 147.5 MB.
System memory in use after: 147.7 MB.

Unloading 14 unused Assets to reduce memory usage. Loaded Objects now: 3518.
Total: 2.583500 ms (FindLiveObjects: 0.260700 ms CreateObjectMapping: 0.121100 ms MarkObjects: 2.185200 ms  DeleteObjects: 0.015700 ms)

AssetImportParameters requested are different than current active one (requested -> active):
  custom:graphics/normal-map-encoding: 01000000000000000000000000000000 -> 02000000000000000000000000000000
========================================================================
Received Import Request.
  Time since last request: 578.274698 seconds.
  path: Assets/InputActions/Player/PlayerInputActions.inputactions
  artifactKey: Guid(3765ffa7fde97854c9327c8caaf49326) Importer(815301076,1909f56bfc062723c751e8b465ee728b)
Start importing Assets/InputActions/Player/PlayerInputActions.inputactions using Guid(3765ffa7fde97854c9327c8caaf49326) Importer(815301076,1909f56bfc062723c751e8b465ee728b)  -> (artifact id: '2f4d1403c4c800ec67a1370c9b82deab') in 0.022209 seconds
  Import took 0.027477 seconds .

========================================================================
Received Prepare
Registering precompiled user dll's ...
Registered in 0.004795 seconds.
Begin MonoManager ReloadAssembly
Native extension for WindowsStandalone target not found
Native extension for WebGL target not found
Refreshing native plugins compatible for Editor in 1.01 ms, found 2 plugins.
Preloading 0 native plugins for Editor in 0.00 ms.
Mono: successfully reloaded assembly
- Completed reload, in  1.009 seconds
Platform modules already initialized, skipping
Switching build target platform(19) subTarget(0) extendedPlatform(0) -> platform(13) subTarget(537395200) extendedPlatform(0)
Shader 'Universal Render Pipeline/Particles/Lit': fallback shader 'Universal Render Pipeline/Particles/SimpleLit' not found
Refreshing native plugins compatible for Editor in 0.91 ms, found 2 plugins.
Preloading 0 native plugins for Editor in 0.00 ms.
Unloading 2917 Unused Serialized files (Serialized files now loaded: 0)
System memory in use before: 147.5 MB.
System memory in use after: 147.7 MB.

Unloading 14 unused Assets to reduce memory usage. Loaded Objects now: 3521.
Total: 2.831200 ms (FindLiveObjects: 0.269800 ms CreateObjectMapping: 0.119400 ms MarkObjects: 2.425700 ms  DeleteObjects: 0.015700 ms)

AssetImportParameters requested are different than current active one (requested -> active):
  custom:graphics/normal-map-encoding: 01000000000000000000000000000000 -> 02000000000000000000000000000000
========================================================================
Received Prepare
Registering precompiled user dll's ...
Registered in 0.004571 seconds.
Begin MonoManager ReloadAssembly
Native extension for WindowsStandalone target not found
Native extension for WebGL target not found
Refreshing native plugins compatible for Editor in 1.06 ms, found 2 plugins.
Preloading 0 native plugins for Editor in 0.00 ms.
Mono: successfully reloaded assembly
- Completed reload, in  1.151 seconds
Platform modules already initialized, skipping
Switching build target platform(19) subTarget(0) extendedPlatform(0) -> platform(13) subTarget(537395200) extendedPlatform(0)
Shader 'Universal Render Pipeline/Particles/Lit': fallback shader 'Universal Render Pipeline/Particles/SimpleLit' not found
Refreshing native plugins compatible for Editor in 0.98 ms, found 2 plugins.
Preloading 0 native plugins for Editor in 0.00 ms.
Unloading 2917 Unused Serialized files (Serialized files now loaded: 0)
System memory in use before: 147.5 MB.
System memory in use after: 147.7 MB.

Unloading 14 unused Assets to reduce memory usage. Loaded Objects now: 3524.
Total: 3.125500 ms (FindLiveObjects: 0.324900 ms CreateObjectMapping: 0.179300 ms MarkObjects: 2.599800 ms  DeleteObjects: 0.020500 ms)

AssetImportParameters requested are different than current active one (requested -> active):
  custom:graphics/normal-map-encoding: 01000000000000000000000000000000 -> 02000000000000000000000000000000
========================================================================
Received Prepare
Registering precompiled user dll's ...
Registered in 0.005544 seconds.
Begin MonoManager ReloadAssembly
Native extension for WindowsStandalone target not found
Native extension for WebGL target not found
Refreshing native plugins compatible for Editor in 0.97 ms, found 2 plugins.
Preloading 0 native plugins for Editor in 0.00 ms.
Mono: successfully reloaded assembly
- Completed reload, in  1.357 seconds
Platform modules already initialized, skipping
Switching build target platform(19) subTarget(0) extendedPlatform(0) -> platform(13) subTarget(537395200) extendedPlatform(0)
Shader 'Universal Render Pipeline/Particles/Lit': fallback shader 'Universal Render Pipeline/Particles/SimpleLit' not found
Refreshing native plugins compatible for Editor in 0.99 ms, found 2 plugins.
Preloading 0 native plugins for Editor in 0.00 ms.
Unloading 2917 Unused Serialized files (Serialized files now loaded: 0)
System memory in use before: 147.5 MB.
System memory in use after: 147.7 MB.

Unloading 14 unused Assets to reduce memory usage. Loaded Objects now: 3527.
Total: 2.881600 ms (FindLiveObjects: 0.423000 ms CreateObjectMapping: 0.203700 ms MarkObjects: 2.237600 ms  DeleteObjects: 0.016500 ms)

AssetImportParameters requested are different than current active one (requested -> active):
  custom:graphics/normal-map-encoding: 01000000000000000000000000000000 -> 02000000000000000000000000000000
AssetImportWorkerClient::OnTransportError - code=2 error=End of file
